2017/01/18 18:13:49 [error] 7#7: *16 FastCGI sent in stderr: "PHP message: PHP Fatal error:  Call to undefined function AbreBD() in /var/www/teste/index.php on line 4" while reading response header from upstream, client: 172.18.0.1, server: localhost, request: "GET /teste/ HTTP/1.1", upstream: "fastcgi://172.18.0.2:9000", host: "localhost:8000", referrer: "http://localhost:8000/"
2017/01/18 18:13:55 [error] 7#7: *16 FastCGI sent in stderr: "PHP message: PHP Fatal error:  Call to undefined function mysql_connect() in /var/www/teste/index.php on line 55" while reading response header from upstream, client: 172.18.0.1, server: localhost, request: "GET /teste/ HTTP/1.1", upstream: "fastcgi://172.18.0.2:9000", host: "localhost:8000", referrer: "http://localhost:8000/"
2017/01/30 12:25:09 [error] 7#7: *1 open() "/var/www/favicon.ico" failed (2: No such file or directory), client: 172.18.0.1, server: localhost, request: "GET /favicon.ico HTTP/1.1", host: "localhost:8000", referrer: "http://localhost:8000/"
2017/01/30 12:42:24 [error] 7#7: *5 open() "/var/www/favicon.ico" failed (2: No such file or directory), client: 172.18.0.1, server: localhost, request: "GET /favicon.ico HTTP/1.1", host: "localhost:8001", referrer: "http://localhost:8001/phpinfo.php"
2017/01/31 10:16:52 [emerg] 1#1: host not found in upstream "php" in /etc/nginx/conf.d/default.conf:34
2017/01/31 10:16:53 [emerg] 1#1: host not found in upstream "php" in /etc/nginx/conf.d/default.conf:34
2017/01/31 10:16:58 [emerg] 1#1: host not found in upstream "php" in /etc/nginx/conf.d/default.conf:34
2017/01/31 10:17:03 [emerg] 1#1: host not found in upstream "php" in /etc/nginx/conf.d/default.conf:34
2017/01/31 10:17:04 [emerg] 1#1: host not found in upstream "php" in /etc/nginx/conf.d/default.conf:34
2017/01/31 10:17:07 [emerg] 1#1: host not found in upstream "php" in /etc/nginx/conf.d/default.conf:34
2017/01/31 10:17:11 [emerg] 1#1: host not found in upstream "php" in /etc/nginx/conf.d/default.conf:34
2017/01/31 10:17:18 [emerg] 1#1: host not found in upstream "php" in /etc/nginx/conf.d/default.conf:34
2017/01/31 10:17:31 [emerg] 1#1: host not found in upstream "php" in /etc/nginx/conf.d/default.conf:34
2017/01/31 10:17:58 [emerg] 1#1: host not found in upstream "php" in /etc/nginx/conf.d/default.conf:34
2017/01/31 10:18:54 [emerg] 1#1: host not found in upstream "php" in /etc/nginx/conf.d/default.conf:34
2017/01/31 10:20:38 [emerg] 1#1: host not found in upstream "php" in /etc/nginx/conf.d/default.conf:34
2017/01/31 10:24:03 [emerg] 1#1: host not found in upstream "php" in /etc/nginx/conf.d/default.conf:34
2017/01/31 10:30:54 [emerg] 1#1: host not found in upstream "php" in /etc/nginx/conf.d/default.conf:34
2017/01/31 10:44:33 [emerg] 1#1: host not found in upstream "php" in /etc/nginx/conf.d/default.conf:34
2017/01/31 11:11:52 [emerg] 1#1: host not found in upstream "php" in /etc/nginx/conf.d/default.conf:34
2017/01/31 12:06:30 [emerg] 1#1: host not found in upstream "php" in /etc/nginx/conf.d/default.conf:34
2017/01/31 13:55:44 [emerg] 1#1: host not found in upstream "php" in /etc/nginx/conf.d/default.conf:34
2017/01/31 17:34:12 [emerg] 1#1: host not found in upstream "php" in /etc/nginx/conf.d/default.conf:34
2017/02/01 10:20:02 [emerg] 1#1: host not found in upstream "php" in /etc/nginx/conf.d/default.conf:34
2017/02/01 10:20:03 [emerg] 1#1: host not found in upstream "php" in /etc/nginx/conf.d/default.conf:34
2017/02/01 10:20:04 [emerg] 1#1: host not found in upstream "php" in /etc/nginx/conf.d/default.conf:34
2017/02/01 10:20:05 [emerg] 1#1: host not found in upstream "php" in /etc/nginx/conf.d/default.conf:34
2017/02/01 10:20:06 [emerg] 1#1: host not found in upstream "php" in /etc/nginx/conf.d/default.conf:34
2017/02/01 10:20:09 [emerg] 1#1: host not found in upstream "php" in /etc/nginx/conf.d/default.conf:34
2017/02/01 10:20:13 [emerg] 1#1: host not found in upstream "php" in /etc/nginx/conf.d/default.conf:34
2017/02/01 10:20:20 [emerg] 1#1: host not found in upstream "php" in /etc/nginx/conf.d/default.conf:34
2017/02/01 10:20:33 [emerg] 1#1: host not found in upstream "php" in /etc/nginx/conf.d/default.conf:34
2017/02/01 10:21:00 [emerg] 1#1: host not found in upstream "php" in /etc/nginx/conf.d/default.conf:34
2017/02/01 10:21:52 [emerg] 1#1: host not found in upstream "php" in /etc/nginx/conf.d/default.conf:34
2017/02/01 10:23:35 [emerg] 1#1: host not found in upstream "php" in /etc/nginx/conf.d/default.conf:34
2017/02/01 10:27:00 [emerg] 1#1: host not found in upstream "php" in /etc/nginx/conf.d/default.conf:34
2017/02/01 10:33:50 [emerg] 1#1: host not found in upstream "php" in /etc/nginx/conf.d/default.conf:34
2017/02/01 10:47:30 [emerg] 1#1: host not found in upstream "php" in /etc/nginx/conf.d/default.conf:34
2017/02/01 11:14:49 [emerg] 1#1: host not found in upstream "php" in /etc/nginx/conf.d/default.conf:34
2017/02/01 12:09:27 [emerg] 1#1: host not found in upstream "php" in /etc/nginx/conf.d/default.conf:34
2017/02/01 13:58:45 [emerg] 1#1: host not found in upstream "php" in /etc/nginx/conf.d/default.conf:34
2017/02/01 17:37:13 [emerg] 1#1: host not found in upstream "php" in /etc/nginx/conf.d/default.conf:34
2017/02/02 00:54:08 [emerg] 1#1: host not found in upstream "php" in /etc/nginx/conf.d/default.conf:34
2017/02/02 15:27:58 [emerg] 1#1: host not found in upstream "php" in /etc/nginx/conf.d/default.conf:34
2017/02/03 10:14:06 [emerg] 1#1: host not found in upstream "php" in /etc/nginx/conf.d/default.conf:34
2017/02/03 10:14:07 [emerg] 1#1: host not found in upstream "php" in /etc/nginx/conf.d/default.conf:34
2017/02/03 10:14:08 [emerg] 1#1: host not found in upstream "php" in /etc/nginx/conf.d/default.conf:34
2017/02/03 10:14:09 [emerg] 1#1: host not found in upstream "php" in /etc/nginx/conf.d/default.conf:34
2017/02/03 10:14:10 [emerg] 1#1: host not found in upstream "php" in /etc/nginx/conf.d/default.conf:34
2017/02/03 10:14:12 [emerg] 1#1: host not found in upstream "php" in /etc/nginx/conf.d/default.conf:34
2017/02/03 10:14:16 [emerg] 1#1: host not found in upstream "php" in /etc/nginx/conf.d/default.conf:34
2017/02/03 10:14:23 [emerg] 1#1: host not found in upstream "php" in /etc/nginx/conf.d/default.conf:34
2017/02/03 10:14:37 [emerg] 1#1: host not found in upstream "php" in /etc/nginx/conf.d/default.conf:34
2017/02/03 10:15:03 [emerg] 1#1: host not found in upstream "php" in /etc/nginx/conf.d/default.conf:34
2017/02/03 10:15:55 [emerg] 1#1: host not found in upstream "php" in /etc/nginx/conf.d/default.conf:34
2017/02/03 10:17:38 [emerg] 1#1: host not found in upstream "php" in /etc/nginx/conf.d/default.conf:34
2017/02/03 10:21:04 [emerg] 1#1: host not found in upstream "php" in /etc/nginx/conf.d/default.conf:34
2017/02/03 10:27:54 [emerg] 1#1: host not found in upstream "php" in /etc/nginx/conf.d/default.conf:34
2017/02/03 10:41:34 [emerg] 1#1: host not found in upstream "php" in /etc/nginx/conf.d/default.conf:34
2017/02/03 11:08:53 [emerg] 1#1: host not found in upstream "php" in /etc/nginx/conf.d/default.conf:34
2017/02/03 12:03:30 [emerg] 1#1: host not found in upstream "php" in /etc/nginx/conf.d/default.conf:34
2017/02/03 13:52:44 [emerg] 1#1: host not found in upstream "php" in /etc/nginx/conf.d/default.conf:34
2017/02/03 17:31:12 [emerg] 1#1: host not found in upstream "php" in /etc/nginx/conf.d/default.conf:34
2017/02/06 10:36:50 [emerg] 1#1: host not found in upstream "php" in /etc/nginx/conf.d/default.conf:34
2017/02/06 10:36:51 [emerg] 1#1: host not found in upstream "php" in /etc/nginx/conf.d/default.conf:34
2017/02/06 10:36:52 [emerg] 1#1: host not found in upstream "php" in /etc/nginx/conf.d/default.conf:34
2017/02/06 10:36:53 [emerg] 1#1: host not found in upstream "php" in /etc/nginx/conf.d/default.conf:34
2017/02/06 10:36:54 [emerg] 1#1: host not found in upstream "php" in /etc/nginx/conf.d/default.conf:34
2017/02/06 10:36:57 [emerg] 1#1: host not found in upstream "php" in /etc/nginx/conf.d/default.conf:34
2017/02/06 10:37:01 [emerg] 1#1: host not found in upstream "php" in /etc/nginx/conf.d/default.conf:34
2017/02/06 10:37:09 [emerg] 1#1: host not found in upstream "php" in /etc/nginx/conf.d/default.conf:34
2017/02/06 10:37:22 [emerg] 1#1: host not found in upstream "php" in /etc/nginx/conf.d/default.conf:34
2017/02/06 10:37:48 [emerg] 1#1: host not found in upstream "php" in /etc/nginx/conf.d/default.conf:34
2017/02/06 10:38:40 [emerg] 1#1: host not found in upstream "php" in /etc/nginx/conf.d/default.conf:34
2017/02/06 10:40:23 [emerg] 1#1: host not found in upstream "php" in /etc/nginx/conf.d/default.conf:34
2017/02/06 10:43:49 [emerg] 1#1: host not found in upstream "php" in /etc/nginx/conf.d/default.conf:34
2017/02/06 10:50:39 [emerg] 1#1: host not found in upstream "php" in /etc/nginx/conf.d/default.conf:34
2017/02/06 11:04:19 [emerg] 1#1: host not found in upstream "php" in /etc/nginx/conf.d/default.conf:34
2017/02/06 11:31:38 [emerg] 1#1: host not found in upstream "php" in /etc/nginx/conf.d/default.conf:34
2017/02/06 12:26:15 [emerg] 1#1: host not found in upstream "php" in /etc/nginx/conf.d/default.conf:34
2017/02/06 14:15:30 [emerg] 1#1: host not found in upstream "php" in /etc/nginx/conf.d/default.conf:34
2017/02/06 17:53:58 [emerg] 1#1: host not found in upstream "php" in /etc/nginx/conf.d/default.conf:34
2017/02/07 10:10:16 [emerg] 1#1: host not found in upstream "php" in /etc/nginx/conf.d/default.conf:34
2017/02/07 10:10:17 [emerg] 1#1: host not found in upstream "php" in /etc/nginx/conf.d/default.conf:34
2017/02/07 10:10:17 [emerg] 1#1: host not found in upstream "php" in /etc/nginx/conf.d/default.conf:34
2017/02/07 10:10:18 [emerg] 1#1: host not found in upstream "php" in /etc/nginx/conf.d/default.conf:34
2017/02/07 10:10:20 [emerg] 1#1: host not found in upstream "php" in /etc/nginx/conf.d/default.conf:34
2017/02/07 10:10:22 [emerg] 1#1: host not found in upstream "php" in /etc/nginx/conf.d/default.conf:34
2017/02/07 10:10:26 [emerg] 1#1: host not found in upstream "php" in /etc/nginx/conf.d/default.conf:34
2017/02/07 10:10:34 [emerg] 1#1: host not found in upstream "php" in /etc/nginx/conf.d/default.conf:34
2017/02/07 10:10:47 [emerg] 1#1: host not found in upstream "php" in /etc/nginx/conf.d/default.conf:34
2017/02/07 10:11:13 [emerg] 1#1: host not found in upstream "php" in /etc/nginx/conf.d/default.conf:34
2017/02/07 10:12:06 [emerg] 1#1: host not found in upstream "php" in /etc/nginx/conf.d/default.conf:34
2017/02/07 10:13:49 [emerg] 1#1: host not found in upstream "php" in /etc/nginx/conf.d/default.conf:34
2017/02/07 10:17:15 [emerg] 1#1: host not found in upstream "php" in /etc/nginx/conf.d/default.conf:34
2017/02/07 10:24:05 [emerg] 1#1: host not found in upstream "php" in /etc/nginx/conf.d/default.conf:34
2017/02/07 10:37:45 [emerg] 1#1: host not found in upstream "php" in /etc/nginx/conf.d/default.conf:34
2017/02/07 11:05:04 [emerg] 1#1: host not found in upstream "php" in /etc/nginx/conf.d/default.conf:34
2017/02/07 11:39:53 [emerg] 1#1: host not found in upstream "php" in /etc/nginx/conf.d/default.conf:34
2017/02/07 11:39:53 [emerg] 1#1: host not found in upstream "php" in /etc/nginx/conf.d/default.conf:34
2017/02/07 11:39:54 [emerg] 1#1: host not found in upstream "php" in /etc/nginx/conf.d/default.conf:34
2017/02/07 11:39:55 [emerg] 1#1: host not found in upstream "php" in /etc/nginx/conf.d/default.conf:34
2017/02/07 11:39:57 [emerg] 1#1: host not found in upstream "php" in /etc/nginx/conf.d/default.conf:34
2017/02/07 11:39:59 [emerg] 1#1: host not found in upstream "php" in /etc/nginx/conf.d/default.conf:34
2017/02/07 11:40:03 [emerg] 1#1: host not found in upstream "php" in /etc/nginx/conf.d/default.conf:34
2017/02/07 11:40:14 [emerg] 1#1: host not found in upstream "php" in /etc/nginx/conf.d/default.conf:34
2017/02/07 11:40:28 [emerg] 1#1: host not found in upstream "php" in /etc/nginx/conf.d/default.conf:34
2017/02/07 11:40:58 [emerg] 1#1: host not found in upstream "php" in /etc/nginx/conf.d/default.conf:34
2017/02/07 11:41:50 [emerg] 1#1: host not found in upstream "php" in /etc/nginx/conf.d/default.conf:34
2017/02/07 11:43:33 [emerg] 1#1: host not found in upstream "php" in /etc/nginx/conf.d/default.conf:34
2017/02/07 11:46:59 [emerg] 1#1: host not found in upstream "php" in /etc/nginx/conf.d/default.conf:34
2017/02/07 11:53:49 [emerg] 1#1: host not found in upstream "php" in /etc/nginx/conf.d/default.conf:34
2017/02/07 12:07:29 [emerg] 1#1: host not found in upstream "php" in /etc/nginx/conf.d/default.conf:34
2017/02/07 12:34:48 [emerg] 1#1: host not found in upstream "php" in /etc/nginx/conf.d/default.conf:34
2017/02/07 13:29:25 [emerg] 1#1: host not found in upstream "php" in /etc/nginx/conf.d/default.conf:34
2017/02/07 19:32:44 [emerg] 1#1: host not found in upstream "php" in /etc/nginx/conf.d/default.conf:34
2017/02/07 19:32:47 [emerg] 1#1: host not found in upstream "php" in /etc/nginx/conf.d/default.conf:34
2017/02/07 19:32:50 [emerg] 1#1: host not found in upstream "php" in /etc/nginx/conf.d/default.conf:34
2017/02/07 19:32:53 [emerg] 1#1: host not found in upstream "php" in /etc/nginx/conf.d/default.conf:34
2017/02/07 19:32:55 [emerg] 1#1: host not found in upstream "php" in /etc/nginx/conf.d/default.conf:34
2017/02/07 19:32:58 [emerg] 1#1: host not found in upstream "php" in /etc/nginx/conf.d/default.conf:34
2017/02/07 19:33:02 [emerg] 1#1: host not found in upstream "php" in /etc/nginx/conf.d/default.conf:34
2017/02/07 19:33:10 [emerg] 1#1: host not found in upstream "php" in /etc/nginx/conf.d/default.conf:34
2017/02/07 19:33:23 [emerg] 1#1: host not found in upstream "php" in /etc/nginx/conf.d/default.conf:34
2017/02/07 19:33:50 [emerg] 1#1: host not found in upstream "php" in /etc/nginx/conf.d/default.conf:34
2017/02/07 19:34:42 [emerg] 1#1: host not found in upstream "php" in /etc/nginx/conf.d/default.conf:34
2017/02/07 19:36:25 [emerg] 1#1: host not found in upstream "php" in /etc/nginx/conf.d/default.conf:34
2017/02/07 19:39:51 [emerg] 1#1: host not found in upstream "php" in /etc/nginx/conf.d/default.conf:34
2017/02/07 19:46:42 [emerg] 1#1: host not found in upstream "php" in /etc/nginx/conf.d/default.conf:34
2017/02/07 20:00:22 [emerg] 1#1: host not found in upstream "php" in /etc/nginx/conf.d/default.conf:34
2017/02/07 20:27:41 [emerg] 1#1: host not found in upstream "php" in /etc/nginx/conf.d/default.conf:34
2017/02/07 21:22:19 [emerg] 1#1: host not found in upstream "php" in /etc/nginx/conf.d/default.conf:34
2017/02/07 23:11:33 [emerg] 1#1: host not found in upstream "php" in /etc/nginx/conf.d/default.conf:34
2017/02/08 02:50:02 [emerg] 1#1: host not found in upstream "php" in /etc/nginx/conf.d/default.conf:34
2017/02/08 10:06:57 [emerg] 1#1: host not found in upstream "php" in /etc/nginx/conf.d/default.conf:34
2017/02/13 11:00:36 [error] 6#6: *1 open() "/var/www/favicon.ico" failed (2: No such file or directory), client: 192.168.101.151, server: localhost, request: "GET /favicon.ico HTTP/1.1", host: "192.168.101.4:8000", referrer: "http://192.168.101.4:8000/"
2017/02/13 18:18:43 [error] 7#7: *1 open() "/var/www/icons/openlogo-75.png" failed (2: No such file or directory), client: 192.168.101.151, server: localhost, request: "GET /icons/openlogo-75.png HTTP/1.1", host: "192.168.101.4:8000", referrer: "http://192.168.101.4:8000/html/"
2017/02/14 10:38:43 [error] 5#5: *1 open() "/var/www/favicon.ico" failed (2: No such file or directory), client: 192.168.101.151, server: localhost, request: "GET /favicon.ico HTTP/1.1", host: "192.168.101.4:8000", referrer: "http://192.168.101.4:8000/"
2017/02/15 18:18:01 [error] 5#5: *3 open() "/var/www/favicon.ico" failed (2: No such file or directory), client: 192.168.101.151, server: localhost, request: "GET /favicon.ico HTTP/1.1", host: "192.168.101.4:8000", referrer: "http://192.168.101.4:8000/"
